[2019-08-28T22:36:35.347] [DEBUG] cheese - login => username:zs,password:123456
[2019-08-28T22:36:35.348] [DEBUG] cheese - zs
[2019-08-28T22:36:35.361] [DEBUG] cheese - null
[2019-08-28T22:36:35.362] [DEBUG] cheese - null
[2019-08-28T22:46:01.989] [DEBUG] cheese - login => username:admin,password:123456
[2019-08-28T22:46:01.989] [DEBUG] cheese - admin
[2019-08-28T22:46:01.998] [DEBUG] cheese - null
[2019-08-28T22:46:01.999] [DEBUG] cheese - null
[2019-08-29T20:16:57.452] [DEBUG] cheese - login => username:errtyui,password:34567890
[2019-08-29T20:16:57.454] [DEBUG] cheese - errtyui
[2019-08-29T20:16:57.525] [DEBUG] cheese - null
[2019-08-29T20:16:57.526] [DEBUG] cheese - null
[2019-08-29T20:16:59.132] [DEBUG] cheese - login => username:errtyui,password:34567890
[2019-08-29T20:16:59.132] [DEBUG] cheese - errtyui
[2019-08-29T20:16:59.136] [DEBUG] cheese - null
[2019-08-29T20:16:59.136] [DEBUG] cheese - null
[2019-08-29T20:36:48.931] [DEBUG] cheese - login => username:errtyui,password:34567890
[2019-08-29T20:36:48.932] [DEBUG] cheese - errtyui
[2019-08-29T20:36:48.936] [DEBUG] cheese - null
[2019-08-29T20:36:48.936] [DEBUG] cheese - null
[2019-08-29T20:37:01.054] [DEBUG] cheese - login => username:admin,password:1234567
[2019-08-29T20:37:01.055] [DEBUG] cheese - admin
[2019-08-29T20:37:01.065] [DEBUG] cheese - null
[2019-08-29T20:37:01.065] [DEBUG] cheese - null
[2019-08-29T20:37:04.197] [DEBUG] cheese - login => username:admin,password:123456
[2019-08-29T20:37:04.197] [DEBUG] cheese - admin
[2019-08-29T20:37:04.201] [DEBUG] cheese - null
[2019-08-29T20:37:04.201] [DEBUG] cheese - null
[2019-08-29T20:42:39.251] [DEBUG] cheese - login => username:admin,password:123456
[2019-08-29T20:42:39.252] [DEBUG] cheese - admin
[2019-08-29T20:42:39.256] [DEBUG] cheese - null
[2019-08-29T20:42:39.256] [DEBUG] cheese - null
[2019-08-29T20:43:27.662] [DEBUG] cheese - login => username:admin,password:123456
[2019-08-29T20:43:27.662] [DEBUG] cheese - admin
[2019-08-29T20:43:27.665] [DEBUG] cheese - null
[2019-08-29T20:43:27.665] [DEBUG] cheese - null
[2019-08-29T21:02:42.203] [DEBUG] cheese - login => username:admin,password:123456
[2019-08-29T21:02:42.204] [DEBUG] cheese - admin
[2019-08-29T21:02:42.208] [DEBUG] cheese - null
[2019-08-29T21:02:42.208] [DEBUG] cheese - null
[2019-08-29T21:10:18.918] [DEBUG] cheese - login => username:admin,password:123456
[2019-08-29T21:10:18.918] [DEBUG] cheese - admin
[2019-08-29T21:10:18.922] [DEBUG] cheese - null
[2019-08-29T21:10:18.922] [DEBUG] cheese - null
[2019-08-29T21:10:24.017] [DEBUG] cheese - login => username:admin,password:123456
[2019-08-29T21:10:24.017] [DEBUG] cheese - admin
[2019-08-29T21:10:24.020] [DEBUG] cheese - null
[2019-08-29T21:10:24.020] [DEBUG] cheese - null
[2019-08-29T21:56:13.792] [DEBUG] cheese - login => username:admin,password:123456
[2019-08-29T21:56:13.793] [DEBUG] cheese - admin
[2019-08-29T21:56:13.830] [DEBUG] cheese - null
[2019-08-29T21:56:13.830] [DEBUG] cheese - null
[2019-08-29T22:53:46.075] [DEBUG] cheese - login => username:admin,password:123456
[2019-08-29T22:53:46.076] [DEBUG] cheese - admin
[2019-08-29T22:53:46.088] [DEBUG] cheese - null
[2019-08-29T22:53:46.088] [DEBUG] cheese - null
[2019-08-29T23:27:37.595] [DEBUG] cheese - login => username:admin,password:123456
[2019-08-29T23:27:37.595] [DEBUG] cheese - admin
[2019-08-29T23:27:37.598] [DEBUG] cheese - null
[2019-08-29T23:27:37.598] [DEBUG] cheese - null
[2019-08-29T23:36:57.849] [DEBUG] cheese - login => username:admin,password:123456
[2019-08-29T23:36:57.850] [DEBUG] cheese - admin
[2019-08-29T23:36:57.852] [DEBUG] cheese - null
[2019-08-29T23:36:57.852] [DEBUG] cheese - null
[2019-08-29T23:44:29.354] [DEBUG] cheese - login => username:admin,password:123456
[2019-08-29T23:44:29.354] [DEBUG] cheese - admin
[2019-08-29T23:44:29.359] [DEBUG] cheese - null
[2019-08-29T23:44:29.359] [DEBUG] cheese - null
[2019-08-30T10:08:29.035] [DEBUG] cheese - login => username:admin,password:123456
[2019-08-30T10:08:29.036] [DEBUG] cheese - admin
[2019-08-30T10:08:29.067] [DEBUG] cheese - null
[2019-08-30T10:08:29.068] [DEBUG] cheese - null
[2019-08-30T10:38:45.180] [DEBUG] cheese - login => username:admin,password:123456
[2019-08-30T10:38:45.181] [DEBUG] cheese - admin
[2019-08-30T10:38:45.198] [DEBUG] cheese - null
[2019-08-30T10:38:45.198] [DEBUG] cheese - null
[2019-08-30T11:00:32.868] [DEBUG] cheese - login => username:admin,password:123456
[2019-08-30T11:00:32.869] [DEBUG] cheese - admin
[2019-08-30T11:00:32.893] [DEBUG] cheese - null
[2019-08-30T11:00:32.893] [DEBUG] cheese - null
[2019-08-30T12:50:17.774] [DEBUG] cheese - login => username:admin,password:123456
[2019-08-30T12:50:17.775] [DEBUG] cheese - admin
[2019-08-30T12:50:17.803] [DEBUG] cheese - null
[2019-08-30T12:50:17.803] [DEBUG] cheese - null
[2019-08-30T14:51:40.363] [DEBUG] cheese - login => username:admin,password:123456
[2019-08-30T14:51:40.364] [DEBUG] cheese - admin
[2019-08-30T14:51:40.380] [DEBUG] cheese - null
[2019-08-30T14:51:40.381] [DEBUG] cheese - null
[2019-08-30T14:51:56.630] [DEBUG] cheese - login => username:admin,password:123456
[2019-08-30T14:51:56.630] [DEBUG] cheese - admin
[2019-08-30T14:51:56.638] [DEBUG] cheese - null
[2019-08-30T14:51:56.638] [DEBUG] cheese - null
[2019-08-30T14:52:25.039] [DEBUG] cheese - login => username:zs,password:123456
[2019-08-30T14:52:25.039] [DEBUG] cheese - zs
[2019-08-30T14:52:25.047] [DEBUG] cheese - null
[2019-08-30T14:52:25.048] [DEBUG] cheese - null
[2019-08-30T14:53:08.481] [DEBUG] cheese - login => username:admin,password:123456
[2019-08-30T14:53:08.481] [DEBUG] cheese - admin
[2019-08-30T14:53:08.482] [DEBUG] cheese - null
[2019-08-30T14:53:08.482] [DEBUG] cheese - null
[2019-08-30T14:54:35.140] [DEBUG] cheese - login => username:admin,password:123456
[2019-08-30T14:54:35.140] [DEBUG] cheese - admin
[2019-08-30T14:54:35.141] [DEBUG] cheese - null
[2019-08-30T14:54:35.141] [DEBUG] cheese - null
[2019-08-31T07:54:47.010] [DEBUG] cheese - login => username:admin,password:123456
[2019-08-31T07:54:47.011] [DEBUG] cheese - admin
[2019-08-31T07:54:47.031] [DEBUG] cheese - null
[2019-08-31T07:54:47.032] [DEBUG] cheese - null
[2019-08-31T16:01:26.853] [DEBUG] cheese - login => username:admin,password:123456
[2019-08-31T16:01:26.856] [DEBUG] cheese - admin
[2019-08-31T16:01:26.873] [DEBUG] cheese - null
[2019-08-31T16:01:26.873] [DEBUG] cheese - null
[2019-08-31T16:01:31.534] [DEBUG] cheese - login => username:admin,password:123456
[2019-08-31T16:01:31.534] [DEBUG] cheese - admin
[2019-08-31T16:01:31.536] [DEBUG] cheese - null
[2019-08-31T16:01:31.536] [DEBUG] cheese - null
[2019-08-31T17:33:04.709] [DEBUG] cheese - login => username:admin,password:123456
[2019-08-31T17:33:04.710] [DEBUG] cheese - admin
[2019-08-31T17:33:04.716] [DEBUG] cheese - null
[2019-08-31T17:33:04.716] [DEBUG] cheese - null
[2019-09-01T08:44:33.105] [DEBUG] cheese - login => username:admin,password:123456
[2019-09-01T08:44:33.107] [DEBUG] cheese - admin
[2019-09-01T08:44:33.126] [DEBUG] cheese - null
[2019-09-01T08:44:33.126] [DEBUG] cheese - null
[2019-09-01T08:47:43.174] [DEBUG] cheese - login => username:admin,password:123456
[2019-09-01T08:47:43.174] [DEBUG] cheese - admin
[2019-09-01T08:47:43.176] [DEBUG] cheese - null
[2019-09-01T08:47:43.177] [DEBUG] cheese - null
[2019-09-01T08:50:02.284] [DEBUG] cheese - login => username:admin,password:123456
[2019-09-01T08:50:02.284] [DEBUG] cheese - admin
[2019-09-01T08:50:29.536] [DEBUG] cheese - login => username:admin,password:123456
[2019-09-01T08:50:29.536] [DEBUG] cheese - admin
[2019-09-01T08:50:29.538] [DEBUG] cheese - login => username:admin,password:123456
[2019-09-01T08:50:29.538] [DEBUG] cheese - admin
[2019-09-01T08:50:29.541] [DEBUG] cheese - login => username:admin,password:123456
[2019-09-01T08:50:29.541] [DEBUG] cheese - admin
[2019-09-01T08:50:29.544] [DEBUG] cheese - null
[2019-09-01T08:50:29.544] [DEBUG] cheese - null
[2019-09-01T08:50:29.614] [DEBUG] cheese - null
[2019-09-01T08:50:29.614] [DEBUG] cheese - null
[2019-09-01T08:50:29.698] [DEBUG] cheese - null
[2019-09-01T08:50:29.698] [DEBUG] cheese - null
[2019-09-01T08:50:29.770] [DEBUG] cheese - null
[2019-09-01T08:50:29.770] [DEBUG] cheese - null
[2019-09-01T08:50:29.846] [DEBUG] cheese - login => username:admin,password:1234567
[2019-09-01T08:50:29.846] [DEBUG] cheese - admin
[2019-09-01T08:50:29.849] [DEBUG] cheese - login => username:admin,password:1234567
[2019-09-01T08:50:29.849] [DEBUG] cheese - admin
[2019-09-01T08:50:29.851] [DEBUG] cheese - login => username:admin,password:1234567
[2019-09-01T08:50:29.851] [DEBUG] cheese - admin
[2019-09-01T08:50:29.852] [DEBUG] cheese - login => username:admin,password:1234567
[2019-09-01T08:50:29.852] [DEBUG] cheese - admin
[2019-09-01T08:50:29.854] [DEBUG] cheese - login => username:admin,password:1234567
[2019-09-01T08:50:29.854] [DEBUG] cheese - admin
[2019-09-01T08:50:29.857] [DEBUG] cheese - login => username:admin,password:1234567
[2019-09-01T08:50:29.857] [DEBUG] cheese - admin
[2019-09-01T08:50:29.871] [DEBUG] cheese - null
[2019-09-01T08:50:29.871] [DEBUG] cheese - null
[2019-09-01T08:50:29.940] [DEBUG] cheese - null
[2019-09-01T08:50:29.940] [DEBUG] cheese - null
[2019-09-01T08:50:30.010] [DEBUG] cheese - null
[2019-09-01T08:50:30.010] [DEBUG] cheese - null
[2019-09-01T08:50:30.081] [DEBUG] cheese - null
[2019-09-01T08:50:30.081] [DEBUG] cheese - null
[2019-09-01T08:50:30.151] [DEBUG] cheese - login => username:admin,password:123456
[2019-09-01T08:50:30.151] [DEBUG] cheese - admin
[2019-09-01T08:50:30.154] [DEBUG] cheese - login => username:admin,password:123456
[2019-09-01T08:50:30.154] [DEBUG] cheese - admin
[2019-09-01T08:50:30.155] [DEBUG] cheese - login => username:admin,password:123456
[2019-09-01T08:50:30.155] [DEBUG] cheese - admin
[2019-09-01T08:50:30.161] [DEBUG] cheese - null
[2019-09-01T08:50:30.162] [DEBUG] cheese - null
[2019-09-01T08:50:30.231] [DEBUG] cheese - login => username:admin,password:123456
[2019-09-01T08:50:30.231] [DEBUG] cheese - admin
[2019-09-01T08:50:30.235] [DEBUG] cheese - null
[2019-09-01T08:50:30.235] [DEBUG] cheese - null
[2019-09-01T08:50:30.307] [DEBUG] cheese - login => username:admin,password:123456
[2019-09-01T08:50:30.307] [DEBUG] cheese - admin
[2019-09-01T08:50:30.311] [DEBUG] cheese - null
[2019-09-01T08:50:30.311] [DEBUG] cheese - null
[2019-09-01T08:50:30.381] [DEBUG] cheese - null
[2019-09-01T08:50:30.381] [DEBUG] cheese - null
[2019-09-01T08:50:30.451] [DEBUG] cheese - null
[2019-09-01T08:50:30.451] [DEBUG] cheese - null
[2019-09-01T08:50:30.520] [DEBUG] cheese - login => username:admin,password:123456
[2019-09-01T08:50:30.520] [DEBUG] cheese - admin
[2019-09-01T08:50:30.523] [DEBUG] cheese - null
[2019-09-01T08:50:30.524] [DEBUG] cheese - null
[2019-09-01T08:50:30.594] [DEBUG] cheese - login => username:admin,password:123456
[2019-09-01T08:50:30.594] [DEBUG] cheese - admin
[2019-09-01T08:50:30.599] [DEBUG] cheese - login => username:admin,password:123456
[2019-09-01T08:50:30.599] [DEBUG] cheese - admin
[2019-09-01T08:50:30.606] [DEBUG] cheese - null
[2019-09-01T08:50:30.606] [DEBUG] cheese - null
[2019-09-01T08:50:30.676] [DEBUG] cheese - null
[2019-09-01T08:50:30.676] [DEBUG] cheese - null
[2019-09-01T08:50:30.747] [DEBUG] cheese - null
[2019-09-01T08:50:30.747] [DEBUG] cheese - null
[2019-09-01T08:50:30.816] [DEBUG] cheese - null
[2019-09-01T08:50:30.816] [DEBUG] cheese - null
[2019-09-01T08:55:30.327] [DEBUG] cheese - login => username:admin,password:123456
[2019-09-01T08:55:30.327] [DEBUG] cheese - admin
[2019-09-01T08:55:30.330] [DEBUG] cheese - null
[2019-09-01T08:55:30.330] [DEBUG] cheese - null
[2019-09-01T08:58:26.370] [DEBUG] cheese - login => username:admin,password:123456
[2019-09-01T08:58:26.370] [DEBUG] cheese - admin
[2019-09-01T08:58:26.372] [DEBUG] cheese - null
[2019-09-01T08:58:26.372] [DEBUG] cheese - null
[2019-09-01T09:00:07.037] [DEBUG] cheese - login => username:admin,password:123456
[2019-09-01T09:00:07.037] [DEBUG] cheese - admin
[2019-09-01T09:00:07.040] [DEBUG] cheese - null
[2019-09-01T09:00:07.040] [DEBUG] cheese - null
[2019-09-01T10:36:46.501] [DEBUG] cheese - login => username:123,password:123444444
[2019-09-01T10:36:46.504] [DEBUG] cheese - 123
[2019-09-01T10:36:46.516] [DEBUG] cheese - null
[2019-09-01T10:36:46.518] [DEBUG] cheese - null
[2019-09-01T10:37:56.980] [DEBUG] cheese - login => username:23456,password:wertyui
[2019-09-01T10:37:56.980] [DEBUG] cheese - 23456
[2019-09-01T10:37:56.982] [DEBUG] cheese - null
[2019-09-01T10:37:56.982] [DEBUG] cheese - null
[2019-09-01T11:10:36.971] [DEBUG] cheese - login => username:admin,password:123456
[2019-09-01T11:10:36.972] [DEBUG] cheese - admin
[2019-09-01T11:10:36.989] [DEBUG] cheese - null
[2019-09-01T11:10:36.989] [DEBUG] cheese - null
[2019-09-01T11:11:04.741] [DEBUG] cheese - login => username:admi,password:123456
[2019-09-01T11:11:04.741] [DEBUG] cheese - admi
[2019-09-01T11:11:04.743] [DEBUG] cheese - null
[2019-09-01T11:11:04.743] [DEBUG] cheese - null
[2019-09-01T11:11:52.046] [DEBUG] cheese - login => username:wer,password:qwerter
[2019-09-01T11:11:52.046] [DEBUG] cheese - wer
[2019-09-01T11:11:52.049] [DEBUG] cheese - null
[2019-09-01T11:11:52.049] [DEBUG] cheese - null
[2019-09-01T11:19:42.231] [DEBUG] cheese - login => username:admin,password:123456
[2019-09-01T11:19:42.231] [DEBUG] cheese - admin
[2019-09-01T11:19:42.233] [DEBUG] cheese - null
[2019-09-01T11:19:42.233] [DEBUG] cheese - null
[2019-09-01T11:41:36.150] [DEBUG] cheese - login => username:admin,password:123456
[2019-09-01T11:41:36.150] [DEBUG] cheese - admin
[2019-09-01T11:41:36.154] [DEBUG] cheese - null
[2019-09-01T11:41:36.154] [DEBUG] cheese - null
[2019-09-01T11:42:06.254] [DEBUG] cheese - login => username:admin,password:123456
[2019-09-01T11:42:06.254] [DEBUG] cheese - admin
[2019-09-01T11:42:06.256] [DEBUG] cheese - null
[2019-09-01T11:42:06.256] [DEBUG] cheese - null
[2019-09-01T11:56:15.114] [DEBUG] cheese - login => username:admin,password:123456
[2019-09-01T11:56:15.114] [DEBUG] cheese - admin
[2019-09-01T11:56:15.118] [DEBUG] cheese - null
[2019-09-01T11:56:15.118] [DEBUG] cheese - null
[2019-09-01T19:02:20.269] [DEBUG] cheese - login => username:admin,password:123456
[2019-09-01T19:02:20.270] [DEBUG] cheese - admin
[2019-09-01T19:02:20.299] [DEBUG] cheese - null
[2019-09-01T19:02:20.299] [DEBUG] cheese - null
[2019-09-01T19:06:49.938] [DEBUG] cheese - login => username:admin,password:123456
[2019-09-01T19:06:49.938] [DEBUG] cheese - admin
[2019-09-01T19:08:40.342] [DEBUG] cheese - login => username:admin,password:123456
[2019-09-01T19:08:40.342] [DEBUG] cheese - admin
[2019-09-01T19:08:40.344] [DEBUG] cheese - login => username:admin,password:123456
[2019-09-01T19:08:40.344] [DEBUG] cheese - admin
[2019-09-01T19:08:40.347] [DEBUG] cheese - login => username:admin,password:123456
[2019-09-01T19:08:40.347] [DEBUG] cheese - admin
[2019-09-01T19:08:40.361] [DEBUG] cheese - null
[2019-09-01T19:08:40.361] [DEBUG] cheese - null
[2019-09-01T19:08:40.433] [DEBUG] cheese - null
[2019-09-01T19:08:40.433] [DEBUG] cheese - null
[2019-09-01T19:08:40.505] [DEBUG] cheese - null
[2019-09-01T19:08:40.505] [DEBUG] cheese - null
[2019-09-01T19:08:40.577] [DEBUG] cheese - null
[2019-09-01T19:08:40.577] [DEBUG] cheese - null
[2019-09-01T19:08:40.673] [DEBUG] cheese - login => username:admin,password:123456
[2019-09-01T19:08:40.674] [DEBUG] cheese - admin
[2019-09-01T19:08:40.677] [DEBUG] cheese - login => username:admin,password:123456
[2019-09-01T19:08:40.677] [DEBUG] cheese - admin
[2019-09-01T19:08:40.682] [DEBUG] cheese - login => username:admin,password:123456
[2019-09-01T19:08:40.682] [DEBUG] cheese - admin
[2019-09-01T19:08:40.685] [DEBUG] cheese - login => username:admin,password:123456
[2019-09-01T19:08:40.685] [DEBUG] cheese - admin
[2019-09-01T19:08:40.695] [DEBUG] cheese - login => username:admin,password:123456
[2019-09-01T19:08:40.695] [DEBUG] cheese - admin
[2019-09-01T19:08:40.700] [DEBUG] cheese - login => username:admin,password:123456
[2019-09-01T19:08:40.700] [DEBUG] cheese - admin
[2019-09-01T19:08:40.709] [DEBUG] cheese - null
[2019-09-01T19:08:40.709] [DEBUG] cheese - null
[2019-09-01T19:08:40.779] [DEBUG] cheese - null
[2019-09-01T19:08:40.779] [DEBUG] cheese - null
[2019-09-01T19:08:40.857] [DEBUG] cheese - null
[2019-09-01T19:08:40.858] [DEBUG] cheese - null
[2019-09-01T19:08:40.934] [DEBUG] cheese - null
[2019-09-01T19:08:40.934] [DEBUG] cheese - null
[2019-09-01T19:08:41.007] [DEBUG] cheese - login => username:admin,password:123456
[2019-09-01T19:08:41.007] [DEBUG] cheese - admin
[2019-09-01T19:08:41.011] [DEBUG] cheese - login => username:admin,password:123456
[2019-09-01T19:08:41.011] [DEBUG] cheese - admin
[2019-09-01T19:08:41.015] [DEBUG] cheese - login => username:admin,password:123456
[2019-09-01T19:08:41.015] [DEBUG] cheese - admin
[2019-09-01T19:08:41.017] [DEBUG] cheese - null
[2019-09-01T19:08:41.018] [DEBUG] cheese - null
[2019-09-01T19:08:41.093] [DEBUG] cheese - null
[2019-09-01T19:08:41.093] [DEBUG] cheese - null
[2019-09-01T19:08:41.166] [DEBUG] cheese - login => username:admin,password:123456
[2019-09-01T19:08:41.166] [DEBUG] cheese - admin
[2019-09-01T19:08:41.172] [DEBUG] cheese - login => username:admin,password:123456
[2019-09-01T19:08:41.172] [DEBUG] cheese - admin
[2019-09-01T19:08:41.179] [DEBUG] cheese - login => username:admin,password:123456
[2019-09-01T19:08:41.179] [DEBUG] cheese - admin
[2019-09-01T19:08:41.182] [DEBUG] cheese - null
[2019-09-01T19:08:41.182] [DEBUG] cheese - null
[2019-09-01T19:08:41.257] [DEBUG] cheese - null
[2019-09-01T19:08:41.257] [DEBUG] cheese - null
[2019-09-01T19:08:41.328] [DEBUG] cheese - null
[2019-09-01T19:08:41.328] [DEBUG] cheese - null
[2019-09-01T19:08:41.400] [DEBUG] cheese - null
[2019-09-01T19:08:41.400] [DEBUG] cheese - null
[2019-09-01T19:08:41.473] [DEBUG] cheese - login => username:admin,password:123456
[2019-09-01T19:08:41.473] [DEBUG] cheese - admin
[2019-09-01T19:08:41.478] [DEBUG] cheese - login => username:admin,password:123456
[2019-09-01T19:08:41.478] [DEBUG] cheese - admin
[2019-09-01T19:08:41.480] [DEBUG] cheese - null
[2019-09-01T19:08:41.480] [DEBUG] cheese - null
[2019-09-01T19:08:41.556] [DEBUG] cheese - null
[2019-09-01T19:08:41.556] [DEBUG] cheese - null
[2019-09-01T19:08:41.629] [DEBUG] cheese - login => username:admin,password:123456
[2019-09-01T19:08:41.629] [DEBUG] cheese - admin
[2019-09-01T19:08:41.635] [DEBUG] cheese - login => username:admin,password:123456
[2019-09-01T19:08:41.635] [DEBUG] cheese - admin
[2019-09-01T19:08:41.640] [DEBUG] cheese - login => username:admin,password:123456
[2019-09-01T19:08:41.640] [DEBUG] cheese - admin
[2019-09-01T19:08:41.645] [DEBUG] cheese - login => username:admin,password:123456
[2019-09-01T19:08:41.645] [DEBUG] cheese - admin
[2019-09-01T19:08:41.653] [DEBUG] cheese - null
[2019-09-01T19:08:41.653] [DEBUG] cheese - null
[2019-09-01T19:08:41.726] [DEBUG] cheese - null
[2019-09-01T19:08:41.726] [DEBUG] cheese - null
[2019-09-01T19:08:41.801] [DEBUG] cheese - null
[2019-09-01T19:08:41.801] [DEBUG] cheese - null
[2019-09-01T19:08:41.874] [DEBUG] cheese - null
[2019-09-01T19:08:41.874] [DEBUG] cheese - null
[2019-09-01T19:08:41.945] [DEBUG] cheese - login => username:admin,password:123456
[2019-09-01T19:08:41.945] [DEBUG] cheese - admin
[2019-09-01T19:08:41.958] [DEBUG] cheese - null
[2019-09-01T19:08:41.958] [DEBUG] cheese - null
[2019-09-01T19:08:42.030] [DEBUG] cheese - null
[2019-09-01T19:08:42.030] [DEBUG] cheese - null
[2019-09-01T19:08:42.101] [DEBUG] cheese - login => username:小饼干哇,password:123456
[2019-09-01T19:08:42.101] [DEBUG] cheese - 小饼干哇
[2019-09-01T19:08:42.106] [DEBUG] cheese - login => username:admin,password:123456
[2019-09-01T19:08:42.106] [DEBUG] cheese - admin
[2019-09-01T19:08:42.108] [DEBUG] cheese - login => username:小饼干哇,password:123456
[2019-09-01T19:08:42.108] [DEBUG] cheese - 小饼干哇
[2019-09-01T19:08:42.115] [DEBUG] cheese - login => username:小饼干哇,password:123456
[2019-09-01T19:08:42.115] [DEBUG] cheese - 小饼干哇
[2019-09-01T19:08:42.116] [DEBUG] cheese - login => username:小饼干,password:123456
[2019-09-01T19:08:42.116] [DEBUG] cheese - 小饼干
[2019-09-01T19:08:42.127] [DEBUG] cheese - null
[2019-09-01T19:08:42.127] [DEBUG] cheese - null
[2019-09-01T19:08:42.204] [DEBUG] cheese - null
[2019-09-01T19:08:42.204] [DEBUG] cheese - null
[2019-09-01T19:08:42.207] [DEBUG] cheese - null
[2019-09-01T19:08:42.207] [DEBUG] cheese - null
[2019-09-01T19:08:42.278] [DEBUG] cheese - null
[2019-09-01T19:08:42.278] [DEBUG] cheese - null
[2019-09-01T19:08:42.279] [DEBUG] cheese - null
[2019-09-01T19:08:42.279] [DEBUG] cheese - null
[2019-09-01T19:08:42.281] [DEBUG] cheese - null
[2019-09-01T19:08:42.281] [DEBUG] cheese - null
[2019-09-01T19:08:42.282] [DEBUG] cheese - login => username:小饼干,password:123456
[2019-09-01T19:08:42.282] [DEBUG] cheese - 小饼干
[2019-09-01T19:08:42.294] [DEBUG] cheese - login => username:小饼干,password:123456
[2019-09-01T19:08:42.294] [DEBUG] cheese - 小饼干
[2019-09-01T19:08:42.296] [DEBUG] cheese - login => username:小饼干,password:123456
[2019-09-01T19:08:42.297] [DEBUG] cheese - 小饼干
[2019-09-01T19:08:42.299] [DEBUG] cheese - login => username:admin,password:123456
[2019-09-01T19:08:42.299] [DEBUG] cheese - admin
[2019-09-01T19:08:42.304] [DEBUG] cheese - login => username:admin,password:123456
[2019-09-01T19:08:42.304] [DEBUG] cheese - admin
[2019-09-01T19:08:42.309] [DEBUG] cheese - login => username:admin,password:123456
[2019-09-01T19:08:42.309] [DEBUG] cheese - admin
[2019-09-01T19:08:42.315] [DEBUG] cheese - null
[2019-09-01T19:08:42.315] [DEBUG] cheese - null
[2019-09-01T19:08:42.315] [DEBUG] cheese - null
[2019-09-01T19:08:42.315] [DEBUG] cheese - null
[2019-09-01T19:08:42.316] [DEBUG] cheese - null
[2019-09-01T19:08:42.317] [DEBUG] cheese - null
[2019-09-01T19:08:42.318] [DEBUG] cheese - null
[2019-09-01T19:08:42.318] [DEBUG] cheese - null
[2019-09-01T19:08:42.392] [DEBUG] cheese - null
[2019-09-01T19:08:42.392] [DEBUG] cheese - null
[2019-09-01T19:08:42.465] [DEBUG] cheese - null
[2019-09-01T19:08:42.465] [DEBUG] cheese - null
[2019-09-01T19:08:42.537] [DEBUG] cheese - login => username:admin,password:123456
[2019-09-01T19:08:42.537] [DEBUG] cheese - admin
[2019-09-01T19:08:42.563] [DEBUG] cheese - login => username:小饼干,password:123456
[2019-09-01T19:08:42.563] [DEBUG] cheese - 小饼干
[2019-09-01T19:08:42.567] [DEBUG] cheese - login => username:admin,password:123456
[2019-09-01T19:08:42.567] [DEBUG] cheese - admin
[2019-09-01T19:08:42.576] [DEBUG] cheese - login => username:admin,password:123456
[2019-09-01T19:08:42.576] [DEBUG] cheese - admin
[2019-09-01T19:08:42.578] [DEBUG] cheese - login => username:admin,password:123456
[2019-09-01T19:08:42.578] [DEBUG] cheese - admin
[2019-09-01T19:08:42.583] [DEBUG] cheese - login => username:小饼干,password:123456
[2019-09-01T19:08:42.583] [DEBUG] cheese - 小饼干
[2019-09-01T19:08:42.591] [DEBUG] cheese - null
[2019-09-01T19:08:42.591] [DEBUG] cheese - null
[2019-09-01T19:08:42.662] [DEBUG] cheese - null
[2019-09-01T19:08:42.662] [DEBUG] cheese - null
[2019-09-01T19:08:42.662] [DEBUG] cheese - null
[2019-09-01T19:08:42.662] [DEBUG] cheese - null
[2019-09-01T19:08:42.738] [DEBUG] cheese - null
[2019-09-01T19:08:42.738] [DEBUG] cheese - null
[2019-09-01T19:08:42.809] [DEBUG] cheese - null
[2019-09-01T19:08:42.809] [DEBUG] cheese - null
[2019-09-01T19:08:42.881] [DEBUG] cheese - null
[2019-09-01T19:08:42.881] [DEBUG] cheese - null
[2019-09-01T19:08:42.882] [DEBUG] cheese - login => username:小饼干,password:123456
[2019-09-01T19:08:42.882] [DEBUG] cheese - 小饼干
[2019-09-01T19:08:42.894] [DEBUG] cheese - login => username:小饼干,password:123456
[2019-09-01T19:08:42.894] [DEBUG] cheese - 小饼干
[2019-09-01T19:08:42.897] [DEBUG] cheese - login => username:小饼干,password:123456
[2019-09-01T19:08:42.897] [DEBUG] cheese - 小饼干
[2019-09-01T19:08:42.898] [DEBUG] cheese - login => username:小饼干,password:123456
[2019-09-01T19:08:42.898] [DEBUG] cheese - 小饼干
[2019-09-01T19:08:42.900] [DEBUG] cheese - login => username:小饼干哇,password:123456
[2019-09-01T19:08:42.900] [DEBUG] cheese - 小饼干哇
[2019-09-01T19:08:42.909] [DEBUG] cheese - login => username:小饼干哇,password:123456
[2019-09-01T19:08:42.909] [DEBUG] cheese - 小饼干哇
[2019-09-01T19:08:42.912] [DEBUG] cheese - null
[2019-09-01T19:08:42.912] [DEBUG] cheese - null
[2019-09-01T19:08:42.913] [DEBUG] cheese - null
[2019-09-01T19:08:42.913] [DEBUG] cheese - null
[2019-09-01T19:08:42.915] [DEBUG] cheese - null
[2019-09-01T19:08:42.916] [DEBUG] cheese - null
[2019-09-01T19:08:42.919] [DEBUG] cheese - null
[2019-09-01T19:08:42.920] [DEBUG] cheese - null
[2019-09-01T19:08:42.921] [DEBUG] cheese - null
[2019-09-01T19:08:42.922] [DEBUG] cheese - null
[2019-09-01T19:08:42.928] [DEBUG] cheese - null
[2019-09-01T19:08:42.928] [DEBUG] cheese - null
[2019-09-01T19:14:18.581] [DEBUG] cheese - login => username:admin,password:123456
[2019-09-01T19:14:18.585] [DEBUG] cheese - admin
[2019-09-01T19:14:18.596] [DEBUG] cheese - null
[2019-09-01T19:14:18.596] [DEBUG] cheese - null
[2019-09-01T19:29:40.565] [DEBUG] cheese - login => username:admin,password:123456
[2019-09-01T19:29:40.565] [DEBUG] cheese - admin
[2019-09-01T19:29:40.571] [DEBUG] cheese - null
[2019-09-01T19:29:40.571] [DEBUG] cheese - null
[2019-09-01T21:31:11.380] [DEBUG] cheese - login => username:admin,password:123456
[2019-09-01T21:31:11.384] [DEBUG] cheese - admin
[2019-09-01T21:31:11.426] [DEBUG] cheese - null
[2019-09-01T21:31:11.427] [DEBUG] cheese - null
[2019-09-02T01:30:59.701] [DEBUG] cheese - null
[2019-09-02T01:32:45.037] [DEBUG] cheese - null
[2019-09-02T01:34:11.719] [DEBUG] cheese - null
[2019-09-02T01:34:18.977] [DEBUG] cheese - null
[2019-09-02T01:34:26.601] [DEBUG] cheese - null
[2019-09-02T01:36:35.553] [DEBUG] cheese - null
[2019-09-02T01:36:43.173] [DEBUG] cheese - null
[2019-09-02T01:36:52.095] [DEBUG] cheese - null
[2019-09-02T01:37:57.670] [DEBUG] cheese - null
[2019-09-02T01:48:10.355] [DEBUG] cheese - null
[2019-09-02T08:40:46.169] [DEBUG] cheese - login => username:admin,password:123456
[2019-09-02T08:40:46.170] [DEBUG] cheese - admin
[2019-09-02T08:40:46.317] [DEBUG] cheese - null
[2019-09-02T08:40:46.317] [DEBUG] cheese - null
[2019-09-03T00:18:22.803] [DEBUG] cheese - login => username:admin,password:123456
[2019-09-03T00:18:22.805] [DEBUG] cheese - admin
[2019-09-03T00:18:22.817] [DEBUG] cheese - null
[2019-09-03T00:18:22.817] [DEBUG] cheese - null
[2019-09-03T08:38:35.569] [DEBUG] cheese - login => username:admin,password:123456
[2019-09-03T08:38:35.572] [DEBUG] cheese - admin
[2019-09-03T08:38:35.617] [DEBUG] cheese - null
[2019-09-03T08:38:35.618] [DEBUG] cheese - null
[2019-09-04T01:30:15.732] [DEBUG] cheese - login => username:admin,password:123456
[2019-09-04T01:30:15.737] [DEBUG] cheese - admin
[2019-09-04T01:30:15.741] [DEBUG] cheese - null
[2019-09-04T01:30:15.742] [DEBUG] cheese - null
[2019-09-04T22:13:06.387] [DEBUG] cheese - login => username:admin,password:123456
[2019-09-04T22:13:06.389] [DEBUG] cheese - admin
[2019-09-04T22:13:06.400] [DEBUG] cheese - null
[2019-09-04T22:13:06.400] [DEBUG] cheese - null
[2019-09-05T08:43:57.297] [DEBUG] cheese - login => username:admin,password:123456
[2019-09-05T08:43:57.298] [DEBUG] cheese - admin
[2019-09-05T08:43:57.304] [DEBUG] cheese - login => username:admin,password:123456
[2019-09-05T08:43:57.304] [DEBUG] cheese - admin
[2019-09-05T08:43:57.306] [DEBUG] cheese - login => username:admin,password:123456
[2019-09-05T08:43:57.306] [DEBUG] cheese - admin
[2019-09-05T08:43:57.309] [DEBUG] cheese - login => username:admin,password:123456
[2019-09-05T08:43:57.309] [DEBUG] cheese - admin
[2019-09-05T08:43:57.310] [DEBUG] cheese - login => username:admin,password:123456
[2019-09-05T08:43:57.310] [DEBUG] cheese - admin
[2019-09-05T08:43:57.327] [DEBUG] cheese - null
[2019-09-05T08:43:57.327] [DEBUG] cheese - null
[2019-09-05T08:43:57.414] [DEBUG] cheese - null
[2019-09-05T08:43:57.415] [DEBUG] cheese - null
[2019-09-05T08:43:57.488] [DEBUG] cheese - null
[2019-09-05T08:43:57.488] [DEBUG] cheese - null
[2019-09-05T08:43:57.559] [DEBUG] cheese - null
[2019-09-05T08:43:57.559] [DEBUG] cheese - null
[2019-09-05T08:43:57.629] [DEBUG] cheese - null
[2019-09-05T08:43:57.629] [DEBUG] cheese - null
[2019-09-05T11:36:32.001] [DEBUG] cheese - login => username:admin,password:123456
[2019-09-05T11:36:32.005] [DEBUG] cheese - admin
[2019-09-05T11:36:32.011] [DEBUG] cheese - null
[2019-09-05T11:36:32.012] [DEBUG] cheese - null
[2019-09-06T09:10:36.860] [DEBUG] cheese - login => username:admin,password:123456
[2019-09-06T09:10:36.862] [DEBUG] cheese - admin
[2019-09-06T09:10:36.893] [DEBUG] cheese - null
[2019-09-06T09:10:36.893] [DEBUG] cheese - null
[2019-09-06T20:51:34.848] [DEBUG] cheese - null
[2019-09-06T20:54:56.162] [DEBUG] cheese - null
[2019-09-06T20:56:48.370] [DEBUG] cheese - null
[2019-09-07T00:08:03.833] [DEBUG] cheese - login => username:admin,password:123456
[2019-09-07T00:08:03.839] [DEBUG] cheese - admin
[2019-09-07T00:08:03.857] [DEBUG] cheese - null
[2019-09-07T00:08:03.858] [DEBUG] cheese - null
[2019-09-07T00:35:07.233] [DEBUG] cheese - login => username:admin,password:123456
[2019-09-07T00:35:07.235] [DEBUG] cheese - admin
[2019-09-07T00:35:07.259] [DEBUG] cheese - null
[2019-09-07T00:35:07.259] [DEBUG] cheese - null
[2019-09-07T08:37:13.485] [DEBUG] cheese - login => username:admin,password:123456
[2019-09-07T08:37:13.488] [DEBUG] cheese - admin
[2019-09-07T08:37:13.517] [DEBUG] cheese - null
[2019-09-07T08:37:13.518] [DEBUG] cheese - null
[2019-09-07T10:37:03.481] [DEBUG] cheese - login => username:admin,password:123456
[2019-09-07T10:37:03.485] [DEBUG] cheese - admin
[2019-09-07T10:37:03.499] [DEBUG] cheese - null
[2019-09-07T10:37:03.499] [DEBUG] cheese - null
[2019-09-07T10:37:49.307] [DEBUG] cheese - login => username:admin,password:123456
[2019-09-07T10:37:49.308] [DEBUG] cheese - admin
[2019-09-07T10:37:49.309] [DEBUG] cheese - null
[2019-09-07T10:37:49.309] [DEBUG] cheese - null
[2019-09-07T10:56:07.897] [DEBUG] cheese - login => username:admin,password:123456
[2019-09-07T10:56:07.897] [DEBUG] cheese - admin
[2019-09-07T10:56:07.907] [DEBUG] cheese - null
[2019-09-07T10:56:07.907] [DEBUG] cheese - null
[2019-09-07T11:01:20.723] [DEBUG] cheese - login => username:admin,password:123456
[2019-09-07T11:01:20.723] [DEBUG] cheese - admin
[2019-09-07T11:01:20.736] [DEBUG] cheese - null
[2019-09-07T11:01:20.736] [DEBUG] cheese - null
[2019-09-07T12:04:11.393] [DEBUG] cheese - login => username:admin,password:123456
[2019-09-07T12:04:11.395] [DEBUG] cheese - admin
[2019-09-07T12:04:11.402] [DEBUG] cheese - null
[2019-09-07T12:04:11.402] [DEBUG] cheese - null
[2019-09-07T12:04:13.460] [DEBUG] cheese - login => username:admin,password:123456
[2019-09-07T12:04:13.460] [DEBUG] cheese - admin
[2019-09-07T12:04:13.472] [DEBUG] cheese - null
[2019-09-07T12:04:13.472] [DEBUG] cheese - null
[2019-09-07T12:04:17.358] [DEBUG] cheese - login => username:admin,password:123456
[2019-09-07T12:04:17.358] [DEBUG] cheese - admin
[2019-09-07T12:04:17.435] [DEBUG] cheese - null
[2019-09-07T12:04:17.435] [DEBUG] cheese - null
[2019-09-07T12:04:37.484] [DEBUG] cheese - login => username:admin,password:123456
[2019-09-07T12:04:37.484] [DEBUG] cheese - admin
[2019-09-07T12:04:37.486] [DEBUG] cheese - null
[2019-09-07T12:04:37.487] [DEBUG] cheese - null
[2019-09-07T12:24:40.464] [DEBUG] cheese - login => username:admin,password:123456
[2019-09-07T12:24:40.465] [DEBUG] cheese - admin
[2019-09-07T12:24:40.470] [DEBUG] cheese - null
[2019-09-07T12:24:40.470] [DEBUG] cheese - null
[2019-09-07T12:26:14.326] [DEBUG] cheese - login => username:admin,password:123456
[2019-09-07T12:26:14.326] [DEBUG] cheese - admin
[2019-09-07T12:26:14.338] [DEBUG] cheese - null
[2019-09-07T12:26:14.338] [DEBUG] cheese - null
[2019-09-07T12:27:27.099] [DEBUG] cheese - login => username:admin,password:123456
[2019-09-07T12:27:27.099] [DEBUG] cheese - admin
[2019-09-07T12:27:27.107] [DEBUG] cheese - null
[2019-09-07T12:27:27.107] [DEBUG] cheese - null
[2019-09-07T12:27:54.600] [DEBUG] cheese - login => username:admin,password:123456
[2019-09-07T12:27:54.600] [DEBUG] cheese - admin
[2019-09-07T12:27:54.603] [DEBUG] cheese - null
[2019-09-07T12:27:54.603] [DEBUG] cheese - null
[2019-09-07T12:28:52.687] [DEBUG] cheese - login => username:admin,password:123456
[2019-09-07T12:28:52.687] [DEBUG] cheese - admin
[2019-09-07T12:28:52.693] [DEBUG] cheese - null
[2019-09-07T12:28:52.693] [DEBUG] cheese - null
[2019-09-07T15:59:45.513] [DEBUG] cheese - login => username:admin,password:123456
[2019-09-07T15:59:45.513] [DEBUG] cheese - admin
[2019-09-07T15:59:45.517] [DEBUG] cheese - null
[2019-09-07T15:59:45.517] [DEBUG] cheese - null
[2019-09-07T18:18:52.606] [DEBUG] cheese - login => username:小饼干,password:123456
[2019-09-07T18:18:52.609] [DEBUG] cheese - 小饼干
[2019-09-07T18:18:52.615] [DEBUG] cheese - null
[2019-09-07T18:18:52.616] [DEBUG] cheese - null
[2019-09-07T18:18:53.575] [DEBUG] cheese - login => username:小饼干,password:123456
[2019-09-07T18:18:53.576] [DEBUG] cheese - 小饼干
[2019-09-07T18:18:53.579] [DEBUG] cheese - null
[2019-09-07T18:18:53.579] [DEBUG] cheese - null
[2019-09-07T18:26:06.438] [DEBUG] cheese - login => username:admin,password:123456
[2019-09-07T18:26:06.438] [DEBUG] cheese - admin
[2019-09-07T18:26:46.191] [DEBUG] cheese - login => username:admin,password:123456
[2019-09-07T18:26:46.192] [DEBUG] cheese - admin
[2019-09-07T18:26:46.203] [DEBUG] cheese - login => username:admin,password:123456
[2019-09-07T18:26:46.203] [DEBUG] cheese - admin
[2019-09-07T18:26:46.205] [DEBUG] cheese - login => username:admin,password:123456
[2019-09-07T18:26:46.205] [DEBUG] cheese - admin
[2019-09-07T18:26:46.206] [DEBUG] cheese - login => username:admin,password:123456
[2019-09-07T18:26:46.207] [DEBUG] cheese - admin
[2019-09-07T18:26:46.209] [DEBUG] cheese - login => username:admin,password:123456
[2019-09-07T18:26:46.209] [DEBUG] cheese - admin
[2019-09-07T18:26:46.212] [DEBUG] cheese - null
[2019-09-07T18:26:46.212] [DEBUG] cheese - null
[2019-09-07T18:26:46.318] [DEBUG] cheese - login => username:admin,password:123456
[2019-09-07T18:26:46.318] [DEBUG] cheese - admin
[2019-09-07T18:26:46.322] [DEBUG] cheese - null
[2019-09-07T18:26:46.322] [DEBUG] cheese - null
[2019-09-07T18:26:46.413] [DEBUG] cheese - null
[2019-09-07T18:26:46.413] [DEBUG] cheese - null
[2019-09-07T18:26:46.496] [DEBUG] cheese - null
[2019-09-07T18:26:46.496] [DEBUG] cheese - null
[2019-09-07T18:26:46.573] [DEBUG] cheese - null
[2019-09-07T18:26:46.573] [DEBUG] cheese - null
[2019-09-07T18:26:46.647] [DEBUG] cheese - null
[2019-09-07T18:26:46.647] [DEBUG] cheese - null
[2019-09-07T18:26:46.723] [DEBUG] cheese - null
[2019-09-07T18:26:46.723] [DEBUG] cheese - null
[2019-09-07T18:26:46.795] [DEBUG] cheese - login => username:admin,password:123456
[2019-09-07T18:26:46.795] [DEBUG] cheese - admin
[2019-09-07T18:26:46.797] [DEBUG] cheese - login => username:admin,password:123456
[2019-09-07T18:26:46.797] [DEBUG] cheese - admin
[2019-09-07T18:26:46.799] [DEBUG] cheese - login => username:admin,password:123456
[2019-09-07T18:26:46.799] [DEBUG] cheese - admin
[2019-09-07T18:26:46.800] [DEBUG] cheese - login => username:admin,password:123456
[2019-09-07T18:26:46.800] [DEBUG] cheese - admin
[2019-09-07T18:26:46.801] [DEBUG] cheese - login => username:admin,password:123456
[2019-09-07T18:26:46.801] [DEBUG] cheese - admin
[2019-09-07T18:26:46.802] [DEBUG] cheese - login => username:admin,password:123456
[2019-09-07T18:26:46.802] [DEBUG] cheese - admin
[2019-09-07T18:26:46.804] [DEBUG] cheese - null
[2019-09-07T18:26:46.804] [DEBUG] cheese - null
[2019-09-07T18:26:46.879] [DEBUG] cheese - null
[2019-09-07T18:26:46.879] [DEBUG] cheese - null
[2019-09-07T18:26:46.952] [DEBUG] cheese - null
[2019-09-07T18:26:46.952] [DEBUG] cheese - null
[2019-09-07T18:26:47.022] [DEBUG] cheese - null
[2019-09-07T18:26:47.022] [DEBUG] cheese - null
[2019-09-07T18:26:47.097] [DEBUG] cheese - null
[2019-09-07T18:26:47.097] [DEBUG] cheese - null
[2019-09-07T18:26:47.169] [DEBUG] cheese - null
[2019-09-07T18:26:47.169] [DEBUG] cheese - null
[2019-09-07T18:26:47.238] [DEBUG] cheese - login => username:admin,password:123456
[2019-09-07T18:26:47.238] [DEBUG] cheese - admin
[2019-09-07T18:26:47.243] [DEBUG] cheese - login => username:admin,password:123456
[2019-09-07T18:26:47.243] [DEBUG] cheese - admin
[2019-09-07T18:26:47.251] [DEBUG] cheese - null
[2019-09-07T18:26:47.252] [DEBUG] cheese - null
[2019-09-07T18:26:47.321] [DEBUG] cheese - null
[2019-09-07T18:26:47.321] [DEBUG] cheese - null
[2019-09-07T18:26:47.416] [DEBUG] cheese - login => username:admin,password:123456
[2019-09-07T18:26:47.416] [DEBUG] cheese - admin
[2019-09-07T18:26:47.420] [DEBUG] cheese - login => username:admin,password:123456
[2019-09-07T18:26:47.420] [DEBUG] cheese - admin
[2019-09-07T18:26:47.425] [DEBUG] cheese - login => username:admin,password:123456
[2019-09-07T18:26:47.425] [DEBUG] cheese - admin
[2019-09-07T18:26:47.432] [DEBUG] cheese - login => username:admin,password:123456
[2019-09-07T18:26:47.432] [DEBUG] cheese - admin
[2019-09-07T18:26:47.434] [DEBUG] cheese - login => username:admin,password:123456
[2019-09-07T18:26:47.435] [DEBUG] cheese - admin
[2019-09-07T18:26:47.440] [DEBUG] cheese - login => username:admin,password:123456
[2019-09-07T18:26:47.441] [DEBUG] cheese - admin
[2019-09-07T18:26:47.462] [DEBUG] cheese - null
[2019-09-07T18:26:47.463] [DEBUG] cheese - null
[2019-09-07T18:26:47.539] [DEBUG] cheese - null
[2019-09-07T18:26:47.539] [DEBUG] cheese - null
[2019-09-07T18:26:47.610] [DEBUG] cheese - null
[2019-09-07T18:26:47.610] [DEBUG] cheese - null
[2019-09-07T18:26:47.680] [DEBUG] cheese - null
[2019-09-07T18:26:47.680] [DEBUG] cheese - null
[2019-09-07T18:26:47.751] [DEBUG] cheese - login => username:admin,password:123456
[2019-09-07T18:26:47.751] [DEBUG] cheese - admin
[2019-09-07T18:26:47.763] [DEBUG] cheese - null
[2019-09-07T18:26:47.763] [DEBUG] cheese - null
[2019-09-07T18:26:47.840] [DEBUG] cheese - null
[2019-09-07T18:26:47.840] [DEBUG] cheese - null
[2019-09-07T18:26:47.931] [DEBUG] cheese - login => username:admin,password:123456
[2019-09-07T18:26:47.931] [DEBUG] cheese - admin
[2019-09-07T18:26:47.943] [DEBUG] cheese - login => username:admin,password:123456
[2019-09-07T18:26:47.943] [DEBUG] cheese - admin
[2019-09-07T18:26:47.947] [DEBUG] cheese - login => username:admin,password:123456
[2019-09-07T18:26:47.947] [DEBUG] cheese - admin
[2019-09-07T18:26:47.951] [DEBUG] cheese - login => username:admin,password:123456
[2019-09-07T18:26:47.951] [DEBUG] cheese - admin
[2019-09-07T18:26:47.955] [DEBUG] cheese - login => username:admin,password:123456
[2019-09-07T18:26:47.955] [DEBUG] cheese - admin
[2019-09-07T18:26:47.958] [DEBUG] cheese - null
[2019-09-07T18:26:47.958] [DEBUG] cheese - null
[2019-09-07T18:26:48.028] [DEBUG] cheese - null
[2019-09-07T18:26:48.028] [DEBUG] cheese - null
[2019-09-07T18:26:48.104] [DEBUG] cheese - null
[2019-09-07T18:26:48.104] [DEBUG] cheese - null
[2019-09-07T18:26:48.181] [DEBUG] cheese - null
[2019-09-07T18:26:48.181] [DEBUG] cheese - null
[2019-09-07T18:26:48.261] [DEBUG] cheese - login => username:admin,password:123456
[2019-09-07T18:26:48.261] [DEBUG] cheese - admin
[2019-09-07T18:26:48.265] [DEBUG] cheese - null
[2019-09-07T18:26:48.265] [DEBUG] cheese - null
[2019-09-07T18:26:48.334] [DEBUG] cheese - null
[2019-09-07T18:26:48.334] [DEBUG] cheese - null
[2019-09-07T18:26:48.409] [DEBUG] cheese - login => username:admin,password:123456
[2019-09-07T18:26:48.410] [DEBUG] cheese - admin
[2019-09-07T18:26:48.421] [DEBUG] cheese - login => username:admin,password:123456
[2019-09-07T18:26:48.421] [DEBUG] cheese - admin
[2019-09-07T18:26:48.423] [DEBUG] cheese - login => username:admin,password:123456
[2019-09-07T18:26:48.423] [DEBUG] cheese - admin
[2019-09-07T18:26:48.427] [DEBUG] cheese - login => username:admin,password:123456
[2019-09-07T18:26:48.428] [DEBUG] cheese - admin
[2019-09-07T18:26:48.430] [DEBUG] cheese - login => username:admin,password:123456
[2019-09-07T18:26:48.430] [DEBUG] cheese - admin
[2019-09-07T18:26:48.436] [DEBUG] cheese - null
[2019-09-07T18:26:48.436] [DEBUG] cheese - null
[2019-09-07T18:26:48.511] [DEBUG] cheese - null
[2019-09-07T18:26:48.511] [DEBUG] cheese - null
[2019-09-07T18:26:48.580] [DEBUG] cheese - null
[2019-09-07T18:26:48.581] [DEBUG] cheese - null
[2019-09-07T18:26:48.650] [DEBUG] cheese - null
[2019-09-07T18:26:48.650] [DEBUG] cheese - null
[2019-09-07T18:26:48.720] [DEBUG] cheese - null
[2019-09-07T18:26:48.720] [DEBUG] cheese - null
[2019-09-07T18:26:48.804] [DEBUG] cheese - null
[2019-09-07T18:26:48.804] [DEBUG] cheese - null
[2019-09-07T18:26:48.873] [DEBUG] cheese - login => username:admin,password:123456
[2019-09-07T18:26:48.873] [DEBUG] cheese - admin
[2019-09-07T18:26:48.886] [DEBUG] cheese - login => username:admin,password:123456
[2019-09-07T18:26:48.886] [DEBUG] cheese - admin
[2019-09-07T18:26:48.888] [DEBUG] cheese - login => username:admin,password:123456
[2019-09-07T18:26:48.888] [DEBUG] cheese - admin
[2019-09-07T18:26:48.889] [DEBUG] cheese - login => username:admin,password:123456
[2019-09-07T18:26:48.889] [DEBUG] cheese - admin
[2019-09-07T18:26:48.890] [DEBUG] cheese - login => username:admin,password:123456
[2019-09-07T18:26:48.890] [DEBUG] cheese - admin
[2019-09-07T18:26:48.907] [DEBUG] cheese - null
[2019-09-07T18:26:48.907] [DEBUG] cheese - null
[2019-09-07T18:26:48.978] [DEBUG] cheese - null
[2019-09-07T18:26:48.978] [DEBUG] cheese - null
[2019-09-07T18:26:49.047] [DEBUG] cheese - null
[2019-09-07T18:26:49.047] [DEBUG] cheese - null
[2019-09-07T18:26:49.117] [DEBUG] cheese - null
[2019-09-07T18:26:49.117] [DEBUG] cheese - null
[2019-09-07T18:26:49.187] [DEBUG] cheese - null
[2019-09-07T18:26:49.187] [DEBUG] cheese - null
[2019-09-07T18:26:49.283] [DEBUG] cheese - login => username:admin,password:123456
[2019-09-07T18:26:49.283] [DEBUG] cheese - admin
[2019-09-07T18:26:49.285] [DEBUG] cheese - login => username:admin,password:123456
[2019-09-07T18:26:49.285] [DEBUG] cheese - admin
[2019-09-07T18:26:49.287] [DEBUG] cheese - login => username:admin,password:123456
[2019-09-07T18:26:49.287] [DEBUG] cheese - admin
[2019-09-07T18:26:49.300] [DEBUG] cheese - null
[2019-09-07T18:26:49.300] [DEBUG] cheese - null
[2019-09-07T18:26:49.387] [DEBUG] cheese - null
[2019-09-07T18:26:49.387] [DEBUG] cheese - null
[2019-09-07T18:26:49.465] [DEBUG] cheese - null
[2019-09-07T18:26:49.465] [DEBUG] cheese - null
[2019-09-07T18:26:49.565] [DEBUG] cheese - login => username:admin,password:123456
[2019-09-07T18:26:49.567] [DEBUG] cheese - admin
[2019-09-07T18:26:49.611] [DEBUG] cheese - login => username:admin,password:123456
[2019-09-07T18:26:49.612] [DEBUG] cheese - admin
[2019-09-07T18:26:49.614] [DEBUG] cheese - login => username:admin,password:123456
[2019-09-07T18:26:49.614] [DEBUG] cheese - admin
[2019-09-07T18:26:49.616] [DEBUG] cheese - login => username:admin,password:123456
[2019-09-07T18:26:49.616] [DEBUG] cheese - admin
[2019-09-07T18:26:49.621] [DEBUG] cheese - null
[2019-09-07T18:26:49.621] [DEBUG] cheese - null
[2019-09-07T18:26:49.713] [DEBUG] cheese - null
[2019-09-07T18:26:49.713] [DEBUG] cheese - null
[2019-09-07T18:26:49.784] [DEBUG] cheese - null
[2019-09-07T18:26:49.784] [DEBUG] cheese - null
[2019-09-07T18:26:49.857] [DEBUG] cheese - null
[2019-09-07T18:26:49.857] [DEBUG] cheese - null
[2019-09-07T18:26:49.931] [DEBUG] cheese - login => username:admin,password:123456
[2019-09-07T18:26:49.931] [DEBUG] cheese - admin
[2019-09-07T18:26:49.934] [DEBUG] cheese - login => username:admin,password:123456
[2019-09-07T18:26:49.934] [DEBUG] cheese - admin
[2019-09-07T18:26:49.939] [DEBUG] cheese - login => username:admin,password:123456
[2019-09-07T18:26:49.939] [DEBUG] cheese - admin
[2019-09-07T18:26:49.948] [DEBUG] cheese - null
[2019-09-07T18:26:49.948] [DEBUG] cheese - null
[2019-09-07T18:26:50.030] [DEBUG] cheese - null
[2019-09-07T18:26:50.031] [DEBUG] cheese - null
[2019-09-07T18:26:50.103] [DEBUG] cheese - null
[2019-09-07T18:26:50.103] [DEBUG] cheese - null
[2019-09-07T18:27:13.339] [DEBUG] cheese - login => username:小饼干,password:123456
[2019-09-07T18:27:13.339] [DEBUG] cheese - 小饼干
[2019-09-07T18:27:13.342] [DEBUG] cheese - null
[2019-09-07T18:27:13.342] [DEBUG] cheese - null
[2019-09-07T18:27:14.424] [DEBUG] cheese - login => username:小饼干,password:123456
[2019-09-07T18:27:14.424] [DEBUG] cheese - 小饼干
[2019-09-07T18:27:14.427] [DEBUG] cheese - null
[2019-09-07T18:27:14.427] [DEBUG] cheese - null
[2019-09-07T18:27:22.896] [DEBUG] cheese - login => username:admin,password:123456
[2019-09-07T18:27:22.896] [DEBUG] cheese - admin
[2019-09-07T18:27:22.900] [DEBUG] cheese - null
[2019-09-07T18:27:22.900] [DEBUG] cheese - null
[2019-09-07T18:27:47.953] [DEBUG] cheese - login => username:小饼干,password:123456
[2019-09-07T18:27:47.953] [DEBUG] cheese - 小饼干
[2019-09-07T18:27:47.956] [DEBUG] cheese - null
[2019-09-07T18:27:47.956] [DEBUG] cheese - null
[2019-09-07T18:27:48.968] [DEBUG] cheese - login => username:小饼干,password:123456
[2019-09-07T18:27:48.968] [DEBUG] cheese - 小饼干
[2019-09-07T18:27:48.972] [DEBUG] cheese - null
[2019-09-07T18:27:48.972] [DEBUG] cheese - null
[2019-09-07T18:27:49.207] [DEBUG] cheese - login => username:小饼干,password:123456
[2019-09-07T18:27:49.207] [DEBUG] cheese - 小饼干
[2019-09-07T18:27:49.212] [DEBUG] cheese - null
[2019-09-07T18:27:49.212] [DEBUG] cheese - null
[2019-09-07T18:27:49.408] [DEBUG] cheese - login => username:小饼干,password:123456
[2019-09-07T18:27:49.408] [DEBUG] cheese - 小饼干
[2019-09-07T18:27:49.416] [DEBUG] cheese - null
[2019-09-07T18:27:49.417] [DEBUG] cheese - null
[2019-09-07T18:27:55.085] [DEBUG] cheese - login => username:小饼干,password:123456
[2019-09-07T18:27:55.085] [DEBUG] cheese - 小饼干
[2019-09-07T18:27:55.095] [DEBUG] cheese - null
[2019-09-07T18:27:55.095] [DEBUG] cheese - null
[2019-09-07T18:28:02.958] [DEBUG] cheese - login => username:admin,password:123456
[2019-09-07T18:28:02.959] [DEBUG] cheese - admin
[2019-09-07T18:28:02.962] [DEBUG] cheese - null
[2019-09-07T18:28:02.962] [DEBUG] cheese - null
[2019-09-07T18:50:21.088] [DEBUG] cheese - login => username:admin,password:123456
[2019-09-07T18:50:21.088] [DEBUG] cheese - admin
[2019-09-07T18:50:21.098] [DEBUG] cheese - null
[2019-09-07T18:50:21.098] [DEBUG] cheese - null
[2019-09-07T18:50:35.485] [DEBUG] cheese - login => username:admin,password:123456
[2019-09-07T18:50:35.485] [DEBUG] cheese - admin
[2019-09-07T18:50:35.488] [DEBUG] cheese - null
[2019-09-07T18:50:35.488] [DEBUG] cheese - null
[2019-09-08T08:27:39.638] [DEBUG] cheese - login => username:admin,password:123456
[2019-09-08T08:27:39.639] [DEBUG] cheese - admin
[2019-09-08T08:27:39.659] [DEBUG] cheese - null
[2019-09-08T08:27:39.659] [DEBUG] cheese - null
[2019-09-08T10:11:10.454] [DEBUG] cheese - login => username:admin,password:123456
[2019-09-08T10:11:10.456] [DEBUG] cheese - admin
[2019-09-08T10:11:10.460] [DEBUG] cheese - null
[2019-09-08T10:11:10.461] [DEBUG] cheese - null
[2019-09-08T23:53:06.439] [DEBUG] cheese - login => username:admin,password:123456
[2019-09-08T23:53:06.445] [DEBUG] cheese - admin
[2019-09-08T23:53:06.490] [DEBUG] cheese - null
[2019-09-08T23:53:06.490] [DEBUG] cheese - null
[2019-09-09T00:26:48.643] [DEBUG] cheese - login => username:admin,password:123456
[2019-09-09T00:26:48.645] [DEBUG] cheese - admin
[2019-09-09T00:26:48.662] [DEBUG] cheese - null
[2019-09-09T00:26:48.662] [DEBUG] cheese - null
[2019-09-09T00:26:51.417] [DEBUG] cheese - login => username:admin,password:123456
[2019-09-09T00:26:51.417] [DEBUG] cheese - admin
[2019-09-09T00:26:51.419] [DEBUG] cheese - null
[2019-09-09T00:26:51.419] [DEBUG] cheese - null
[2019-09-09T00:27:57.818] [DEBUG] cheese - login => username:admin,password:123456
[2019-09-09T00:27:57.818] [DEBUG] cheese - admin
[2019-09-09T00:27:57.821] [DEBUG] cheese - null
[2019-09-09T00:27:57.821] [DEBUG] cheese - null
[2019-09-09T00:28:04.941] [DEBUG] cheese - login => username:admin,password:123456
[2019-09-09T00:28:04.941] [DEBUG] cheese - admin
[2019-09-09T00:28:04.943] [DEBUG] cheese - null
[2019-09-09T00:28:04.943] [DEBUG] cheese - null
[2019-09-09T00:28:14.121] [DEBUG] cheese - login => username:admin,password:123456
[2019-09-09T00:28:14.121] [DEBUG] cheese - admin
[2019-09-09T00:28:14.123] [DEBUG] cheese - null
[2019-09-09T00:28:14.123] [DEBUG] cheese - null
[2019-09-09T00:29:28.739] [DEBUG] cheese - login => username:admin,password:123456
[2019-09-09T00:29:28.739] [DEBUG] cheese - admin
[2019-09-09T00:29:28.741] [DEBUG] cheese - null
[2019-09-09T00:29:28.741] [DEBUG] cheese - null
[2019-09-09T00:30:20.002] [DEBUG] cheese - login => username:admin,password:123456
[2019-09-09T00:30:20.002] [DEBUG] cheese - admin
[2019-09-09T00:30:20.004] [DEBUG] cheese - null
[2019-09-09T00:30:20.004] [DEBUG] cheese - null
[2019-09-09T13:18:17.409] [DEBUG] cheese - login => username:admin,password:123456
[2019-09-09T13:18:17.410] [DEBUG] cheese - admin
[2019-09-09T13:18:17.438] [DEBUG] cheese - null
[2019-09-09T13:18:17.438] [DEBUG] cheese - null
[2019-09-10T10:03:19.667] [DEBUG] cheese - login => username:admin,password:123456
[2019-09-10T10:03:19.669] [DEBUG] cheese - admin
[2019-09-10T10:03:19.684] [DEBUG] cheese - null
[2019-09-10T10:03:19.685] [DEBUG] cheese - null
[2019-09-23T08:51:32.099] [DEBUG] cheese - login => username:admin,password:123456
[2019-09-23T08:51:32.102] [DEBUG] cheese - admin
[2019-09-23T08:51:32.123] [DEBUG] cheese - null
[2019-09-23T08:51:32.124] [DEBUG] cheese - null
[2019-09-23T12:16:41.039] [DEBUG] cheese - login => username:admin,password:123456
[2019-09-23T12:16:41.041] [DEBUG] cheese - admin
[2019-09-23T12:16:41.045] [DEBUG] cheese - null
[2019-09-23T12:16:41.046] [DEBUG] cheese - null
[2019-09-23T14:23:13.158] [DEBUG] cheese - login => username:admin,password:123456
[2019-09-23T14:23:13.159] [DEBUG] cheese - admin
[2019-09-23T14:23:13.167] [DEBUG] cheese - login => username:admin,password:123456
[2019-09-23T14:23:13.167] [DEBUG] cheese - admin
[2019-09-23T14:23:13.170] [DEBUG] cheese - login => username:admin,password:123456
[2019-09-23T14:23:13.170] [DEBUG] cheese - admin
[2019-09-23T14:23:13.172] [DEBUG] cheese - login => username:admin,password:123456
[2019-09-23T14:23:13.172] [DEBUG] cheese - admin
[2019-09-23T14:23:13.174] [DEBUG] cheese - login => username:admin,password:123456
[2019-09-23T14:23:13.174] [DEBUG] cheese - admin
[2019-09-23T14:23:13.185] [DEBUG] cheese - null
[2019-09-23T14:23:13.185] [DEBUG] cheese - null
[2019-09-23T14:23:13.280] [DEBUG] cheese - null
[2019-09-23T14:23:13.280] [DEBUG] cheese - null
[2019-09-23T14:23:13.356] [DEBUG] cheese - null
[2019-09-23T14:23:13.356] [DEBUG] cheese - null
[2019-09-23T14:23:13.428] [DEBUG] cheese - null
[2019-09-23T14:23:13.428] [DEBUG] cheese - null
[2019-09-23T14:23:13.506] [DEBUG] cheese - null
[2019-09-23T14:23:13.506] [DEBUG] cheese - null
[2019-09-23T15:10:41.821] [DEBUG] cheese - login => username:admin,password:123456
[2019-09-23T15:10:41.823] [DEBUG] cheese - admin
[2019-09-23T15:10:41.827] [DEBUG] cheese - null
[2019-09-23T15:10:41.828] [DEBUG] cheese - null
[2019-09-29T21:45:50.167] [DEBUG] cheese - login => username:admin,password:123456
[2019-09-29T21:45:50.168] [DEBUG] cheese - admin
[2019-09-29T21:45:50.180] [DEBUG] cheese - null
[2019-09-29T21:45:50.181] [DEBUG] cheese - null
